Using pre-set license
Built from '2020.3/staging' branch; Version is '2020.3.22f1 (e1a7f79fd887) revision 14788599'; Using compiler version '192528614'; Build Type 'Release'
OS: 'Windows 10 Home; OS build 19041.1348; Version 2004; 64bit' Language: 'fr' Physical Memory: 16309 MB
BatchMode: 1, IsHumanControllingUs: 0, StartBugReporterOnCrash: 0, Is64bit: 1, IsPro: 0

COMMAND LINE ARGUMENTS:
D:\Program Files\Unity\2020.3.22f1\Editor\Unity.exe
-adb2
-batchMode
-noUpm
-name
AssetImportWorker1
-projectPath
D:/Alexandre/Pictures/Unity/TacticalStealthOperation/gameengineproject/TacticalStealthOperation
-logFile
Logs/AssetImportWorker1.log
-srvPort
49215
Successfully changed project path to: D:/Alexandre/Pictures/Unity/TacticalStealthOperation/gameengineproject/TacticalStealthOperation
D:/Alexandre/Pictures/Unity/TacticalStealthOperation/gameengineproject/TacticalStealthOperation
Using Asset Import Pipeline V2.
Refreshing native plugins compatible for Editor in 46.89 ms, found 2 plugins.
Preloading 0 native plugins for Editor in 0.00 ms.
Initialize engine version: 2020.3.22f1 (e1a7f79fd887)
[Subsystems] Discovering subsystems at path D:/Program Files/Unity/2020.3.22f1/Editor/Data/Resources/UnitySubsystems
[Subsystems] Discovering subsystems at path D:/Alexandre/Pictures/Unity/TacticalStealthOperation/gameengineproject/TacticalStealthOperation/Assets
GfxDevice: creating device client; threaded=0
Direct3D:
    Version:  Direct3D 11.0 [level 11.1]
    Renderer: NVIDIA GeForce GTX 970 (ID=0x13c2)
    Vendor:   
    VRAM:     4043 MB
    Driver:   27.21.14.6109
Initialize mono
Mono path[0] = 'D:/Program Files/Unity/2020.3.22f1/Editor/Data/Managed'
Mono path[1] = 'D:/Program Files/Unity/2020.3.22f1/Editor/Data/MonoBleedingEdge/lib/mono/unityjit'
Mono config path = 'D:/Program Files/Unity/2020.3.22f1/Editor/Data/MonoBleedingEdge/etc'
Using monoOptions --debugger-agent=transport=dt_socket,embedding=1,server=y,suspend=n,address=127.0.0.1:56652
Begin MonoManager ReloadAssembly
Registering precompiled unity dll's ...
Register platform support module: D:/Program Files/Unity/2020.3.22f1/Editor/Data/PlaybackEngines/WebGLSupport/UnityEditor.WebGL.Extensions.dll
Register platform support module: D:/Program Files/Unity/2020.3.22f1/Editor/Data/PlaybackEngines/WindowsStandaloneSupport/UnityEditor.WindowsStandalone.Extensions.dll
Registered in 0.002609 seconds.
Native extension for WindowsStandalone target not found
Native extension for WebGL target not found
Refreshing native plugins compatible for Editor in 34.02 ms, found 2 plugins.
Preloading 0 native plugins for Editor in 0.00 ms.
Mono: successfully reloaded assembly
- Completed reload, in  3.193 seconds
Domain Reload Profiling:
	ReloadAssembly (3193ms)
		BeginReloadAssembly (84ms)
			ExecutionOrderSort (0ms)
			DisableScriptedObjects (0ms)
			BackupInstance (0ms)
			ReleaseScriptingObjects (0ms)
			CreateAndSetChildDomain (1ms)
		EndReloadAssembly (525ms)
			LoadAssemblies (84ms)
			RebuildTransferFunctionScriptingTraits (0ms)
			SetupTypeCache (173ms)
			ReleaseScriptCaches (0ms)
			RebuildScriptCaches (33ms)
			SetupLoadedEditorAssemblies (179ms)
				LogAssemblyErrors (0ms)
				InitializePlatformSupportModulesInManaged (5ms)
				SetLoadedEditorAssemblies (0ms)
				RefreshPlugins (34ms)
				BeforeProcessingInitializeOnLoad (19ms)
				ProcessInitializeOnLoadAttributes (91ms)
				ProcessInitializeOnLoadMethodAttributes (29ms)
				AfterProcessingInitializeOnLoad (0ms)
				EditorAssembliesLoaded (0ms)
			ExecutionOrderSort2 (0ms)
			AwakeInstancesAfterBackupRestoration (0ms)
Platform modules already initialized, skipping
Registering precompiled user dll's ...
Registered in 0.004842 seconds.
Begin MonoManager ReloadAssembly
Native extension for WindowsStandalone target not found
Native extension for WebGL target not found
Refreshing native plugins compatible for Editor in 0.41 ms, found 2 plugins.
Preloading 0 native plugins for Editor in 0.00 ms.
Mono: successfully reloaded assembly
- Completed reload, in  1.476 seconds
Domain Reload Profiling:
	ReloadAssembly (1478ms)
		BeginReloadAssembly (202ms)
			ExecutionOrderSort (0ms)
			DisableScriptedObjects (6ms)
			BackupInstance (0ms)
			ReleaseScriptingObjects (0ms)
			CreateAndSetChildDomain (23ms)
		EndReloadAssembly (1207ms)
			LoadAssemblies (412ms)
			RebuildTransferFunctionScriptingTraits (0ms)
			SetupTypeCache (328ms)
			ReleaseScriptCaches (0ms)
			RebuildScriptCaches (50ms)
			SetupLoadedEditorAssemblies (350ms)
				LogAssemblyErrors (0ms)
				InitializePlatformSupportModulesInManaged (6ms)
				SetLoadedEditorAssemblies (1ms)
				RefreshPlugins (0ms)
				BeforeProcessingInitializeOnLoad (96ms)
				ProcessInitializeOnLoadAttributes (234ms)
				ProcessInitializeOnLoadMethodAttributes (10ms)
				AfterProcessingInitializeOnLoad (3ms)
				EditorAssembliesLoaded (0ms)
			ExecutionOrderSort2 (0ms)
			AwakeInstancesAfterBackupRestoration (7ms)
Platform modules already initialized, skipping
========================================================================
Worker process is ready to serve import requests
Launched and connected shader compiler UnityShaderCompiler.exe after 0.07 seconds
Refreshing native plugins compatible for Editor in 0.34 ms, found 2 plugins.
Preloading 0 native plugins for Editor in 0.00 ms.
Unloading 1539 Unused Serialized files (Serialized files now loaded: 0)
System memory in use before: 70.6 MB.
System memory in use after: 70.7 MB.

Unloading 19 unused Assets to reduce memory usage. Loaded Objects now: 1971.
Total: 4.062300 ms (FindLiveObjects: 0.146500 ms CreateObjectMapping: 0.048700 ms MarkObjects: 3.763500 ms  DeleteObjects: 0.102400 ms)

AssetImportParameters requested are different than current active one (requested -> active):
  custom:framework-win-MediaFoundation: 216162199b28c13a410421893ffa2e32 -> 
  custom:video-decoder-ogg-theora: a1e56fd34408186e4bbccfd4996cb3dc -> 
  custom:container-muxer-webm: aa71ff27fc2769a1b78a27578f13a17b -> 
  custom:container-demuxer-webm: 4f35f7cbe854078d1ac9338744f61a02 -> 
  custom:container-demuxer-ogg: 62fdf1f143b41e24485cea50d1cbac27 -> 
  custom:video-encoder-webm-vp8: eb34c28f22e8b96e1ab97ce403110664 -> 
  custom:video-codec-MediaFoundation-h265: 746d11721c4dcdbdad8f713fa42b33f4 -> 
  custom:video-decoder-webm-vp8: 9c59270c3fd7afecdb556c50c9e8de78 -> 
  custom:audio-decoder-ogg-vorbis: bf7c407c2cedff20999df2af8eb42d56 -> 
  custom:audio-encoder-webm-vorbis: bf7c407c2cedff20999df2af8eb42d56 -> 
========================================================================
Received Import Request.
  path: Assets/Graphics/Bed/Bed_Texture.png
  artifactKey: Guid(3736c1418aab2ba458739c082e292b76) Importer(815301076,1909f56bfc062723c751e8b465ee728b)
Start importing Assets/Graphics/Bed/Bed_Texture.png using Guid(3736c1418aab2ba458739c082e292b76) Importer(815301076,1909f56bfc062723c751e8b465ee728b)  -> (artifact id: '9bfcd917391f277edac9fcd38e96a342') in 0.118754 seconds 
  Import took 0.121260 seconds .

========================================================================
Received Import Request.
  Time since last request: 0.000407 seconds.
  path: Assets/Graphics/Bed/Bed.blend
  artifactKey: Guid(bc5fa4bd2babafb4cbc4d6950655c4fb) Importer(815301076,1909f56bfc062723c751e8b465ee728b)
Start importing Assets/Graphics/Bed/Bed.blend using Guid(bc5fa4bd2babafb4cbc4d6950655c4fb) Importer(815301076,1909f56bfc062723c751e8b465ee728b)  -> (artifact id: '22ea2fe127178ffe19c594bd60e27ac4') in 0.087434 seconds 
  Import took 0.089815 seconds .

========================================================================
Received Import Request.
  Time since last request: 81.690885 seconds.
  path: Assets/Prefabs/FAL.prefab
  artifactKey: Guid(adc0a94d9d2969b48a2873eaaa293744) Importer(815301076,1909f56bfc062723c751e8b465ee728b)
Start importing Assets/Prefabs/FAL.prefab using Guid(adc0a94d9d2969b48a2873eaaa293744) Importer(815301076,1909f56bfc062723c751e8b465ee728b)  -> (artifact id: 'e12629c7d2f7c08efd1dfcd118ad34a9') in 0.473724 seconds 
  Import took 0.477927 seconds .

========================================================================
Received Import Request.
  Time since last request: 0.000517 seconds.
  path: Assets/Prefabs/PoolHandler.prefab
  artifactKey: Guid(2dd3ac56f09a8474abd44def5fe334ee) Importer(815301076,1909f56bfc062723c751e8b465ee728b)
Start importing Assets/Prefabs/PoolHandler.prefab using Guid(2dd3ac56f09a8474abd44def5fe334ee) Importer(815301076,1909f56bfc062723c751e8b465ee728b)  -> (artifact id: '0e2af98857d220c41e05dc206911a9de') in 0.148229 seconds 
  Import took 0.151328 seconds .

========================================================================
Received Import Request.
  Time since last request: 0.000270 seconds.
  path: Assets/Prefabs/Guard.prefab
  artifactKey: Guid(b929732ee733acd42842b30fa334d2a0) Importer(815301076,1909f56bfc062723c751e8b465ee728b)
Start importing Assets/Prefabs/Guard.prefab using Guid(b929732ee733acd42842b30fa334d2a0) Importer(815301076,1909f56bfc062723c751e8b465ee728b)  -> (artifact id: 'c96f3a11bb384e596325dee9ddfd58c0') in 0.461341 seconds 
  Import took 0.499448 seconds .

========================================================================
Received Import Request.
  Time since last request: 0.000450 seconds.
  path: Assets/Prefabs/M1911.prefab
  artifactKey: Guid(3604b82db85495142ac08d4b82833b21) Importer(815301076,1909f56bfc062723c751e8b465ee728b)
Start importing Assets/Prefabs/M1911.prefab using Guid(3604b82db85495142ac08d4b82833b21) Importer(815301076,1909f56bfc062723c751e8b465ee728b)  -> (artifact id: '485129d5a0701fcd24dba72fa0298db9') in 0.162487 seconds 
  Import took 0.166119 seconds .

========================================================================
Received Import Request.
  Time since last request: 2.229335 seconds.
  path: Assets/Prefabs/Bed.prefab
  artifactKey: Guid(5abde6881f0ba0d479d30246867e48cc) Importer(815301076,1909f56bfc062723c751e8b465ee728b)
Start importing Assets/Prefabs/Bed.prefab using Guid(5abde6881f0ba0d479d30246867e48cc) Importer(815301076,1909f56bfc062723c751e8b465ee728b)  -> (artifact id: '88010ab02667ddfb21c578ace5a2dc2a') in 0.041855 seconds 
  Import took 0.045100 seconds .

========================================================================
Received Import Request.
  Time since last request: 46.093424 seconds.
  path: Assets/Prefabs/Bed.prefab
  artifactKey: Guid(5abde6881f0ba0d479d30246867e48cc) Importer(815301076,1909f56bfc062723c751e8b465ee728b)
Start importing Assets/Prefabs/Bed.prefab using Guid(5abde6881f0ba0d479d30246867e48cc) Importer(815301076,1909f56bfc062723c751e8b465ee728b)  -> (artifact id: 'a4049434b426afcc0a723d6cea27cf7e') in 0.014670 seconds 
  Import took 0.018995 seconds .

========================================================================
Received Import Request.
  Time since last request: 43.405501 seconds.
  path: Assets/Editor
  artifactKey: Guid(a10ed4a653fc3244a913f798fdc05ca8) Importer(815301076,1909f56bfc062723c751e8b465ee728b)
Start importing Assets/Editor using Guid(a10ed4a653fc3244a913f798fdc05ca8) Importer(815301076,1909f56bfc062723c751e8b465ee728b)  -> (artifact id: '0c27a848eccc01042b36e9a3dd9dcfc6') in 0.020126 seconds 
  Import took 0.022845 seconds .

========================================================================
Received Import Request.
  Time since last request: 35.409242 seconds.
  path: Assets/Graphics/MetalWire
  artifactKey: Guid(9ee95eec698ad824e97b02d7e98afc5c) Importer(815301076,1909f56bfc062723c751e8b465ee728b)
Start importing Assets/Graphics/MetalWire using Guid(9ee95eec698ad824e97b02d7e98afc5c) Importer(815301076,1909f56bfc062723c751e8b465ee728b)  -> (artifact id: '2c9167f283c56a58c0282c6f97b47e99') in 0.003886 seconds 
  Import took 0.006942 seconds .

========================================================================
Received Import Request.
  Time since last request: 12.823831 seconds.
  path: Assets/Graphics/MetalWire/MetalFence
  artifactKey: Guid(6393037c6a41ae744ab1727fda021c93) Importer(815301076,1909f56bfc062723c751e8b465ee728b)
Start importing Assets/Graphics/MetalWire/MetalFence using Guid(6393037c6a41ae744ab1727fda021c93) Importer(815301076,1909f56bfc062723c751e8b465ee728b)  -> (artifact id: '54b9d07dcf928719ce9a891bb089e091') in 0.004295 seconds 
  Import took 0.007509 seconds .

========================================================================
Received Import Request.
  Time since last request: 7.247684 seconds.
  path: Assets/Graphics/Metal
  artifactKey: Guid(9ee95eec698ad824e97b02d7e98afc5c) Importer(815301076,1909f56bfc062723c751e8b465ee728b)
Start importing Assets/Graphics/Metal using Guid(9ee95eec698ad824e97b02d7e98afc5c) Importer(815301076,1909f56bfc062723c751e8b465ee728b)  -> (artifact id: '63d25164ef4dbed479b2a758a3c8091d') in 0.003583 seconds 
  Import took 0.006469 seconds .

========================================================================
Received Import Request.
  Time since last request: 12.628664 seconds.
  path: Assets/Graphics/Metal/MetalFence/MetalFence.blend
  artifactKey: Guid(aae7052347c3398468f17b578b704d76) Importer(815301076,1909f56bfc062723c751e8b465ee728b)
Start importing Assets/Graphics/Metal/MetalFence/MetalFence.blend using Guid(aae7052347c3398468f17b578b704d76) Importer(815301076,1909f56bfc062723c751e8b465ee728b)  -> (artifact id: '1de46519b028dec698c12a8d7763d0a5') in 0.031229 seconds 
  Import took 0.034346 seconds .

========================================================================
Received Import Request.
  Time since last request: 0.000352 seconds.
  path: Assets/Graphics/Metal/MetalFence/MetalFence_Texture.png
  artifactKey: Guid(ec29c97e0d8c26244a9749baa1361cc6) Importer(815301076,1909f56bfc062723c751e8b465ee728b)
Start importing Assets/Graphics/Metal/MetalFence/MetalFence_Texture.png using Guid(ec29c97e0d8c26244a9749baa1361cc6) Importer(815301076,1909f56bfc062723c751e8b465ee728b)  -> (artifact id: 'b1270cc3c993ba664cf5b95c4f7ea5c4') in 0.011872 seconds 
  Import took 0.015128 seconds .

========================================================================
Received Import Request.
  Time since last request: 70.325505 seconds.
  path: Assets/Graphics/Metal/MetalFence/MetalFence.blend
  artifactKey: Guid(aae7052347c3398468f17b578b704d76) Importer(815301076,1909f56bfc062723c751e8b465ee728b)
Start importing Assets/Graphics/Metal/MetalFence/MetalFence.blend using Guid(aae7052347c3398468f17b578b704d76) Importer(815301076,1909f56bfc062723c751e8b465ee728b)  -> (artifact id: '9f293ed98761ec2692787c10a853e781') in 0.025995 seconds 
  Import took 0.029176 seconds .

========================================================================
Received Import Request.
  Time since last request: 0.000379 seconds.
  path: Assets/Graphics/Metal/MetalFence/MetalFence.mat
  artifactKey: Guid(920cf01e061c3c94c8502f5f2b0097d4) Importer(815301076,1909f56bfc062723c751e8b465ee728b)
Start importing Assets/Graphics/Metal/MetalFence/MetalFence.mat using Guid(920cf01e061c3c94c8502f5f2b0097d4) Importer(815301076,1909f56bfc062723c751e8b465ee728b)  -> (artifact id: '0c452f11eee392fa7fb5ee666c09a6e5') in 0.018219 seconds 
  Import took 0.021311 seconds .

========================================================================
Received Import Request.
  Time since last request: 22.324486 seconds.
  path: Assets/Graphics/Metal/MetalFence/MetalFence_Texture.png
  artifactKey: Guid(ec29c97e0d8c26244a9749baa1361cc6) Importer(815301076,1909f56bfc062723c751e8b465ee728b)
Start importing Assets/Graphics/Metal/MetalFence/MetalFence_Texture.png using Guid(ec29c97e0d8c26244a9749baa1361cc6) Importer(815301076,1909f56bfc062723c751e8b465ee728b)  -> (artifact id: '892c2e8288ae280f95662d169cf73f28') in 0.041833 seconds 
  Import took 0.045243 seconds .

========================================================================
Received Import Request.
  Time since last request: 18.466400 seconds.
  path: Assets/Graphics/Metal/MetalFence/MetalFence_Texture.png
  artifactKey: Guid(ec29c97e0d8c26244a9749baa1361cc6) Importer(815301076,1909f56bfc062723c751e8b465ee728b)
Start importing Assets/Graphics/Metal/MetalFence/MetalFence_Texture.png using Guid(ec29c97e0d8c26244a9749baa1361cc6) Importer(815301076,1909f56bfc062723c751e8b465ee728b)  -> (artifact id: '2be51eb8dad31b342701a3ba42f12b45') in 0.015138 seconds 
  Import took 0.018006 seconds .

========================================================================
Received Import Request.
  Time since last request: 25.638821 seconds.
  path: Assets/Prefabs/MetalFence.prefab
  artifactKey: Guid(8d3001c39aa148c4098874b0ef58c79e) Importer(815301076,1909f56bfc062723c751e8b465ee728b)
Start importing Assets/Prefabs/MetalFence.prefab using Guid(8d3001c39aa148c4098874b0ef58c79e) Importer(815301076,1909f56bfc062723c751e8b465ee728b)  -> (artifact id: '0a212178d2d1ea982d7e924700c7d9d1') in 0.015405 seconds 
  Import took 0.018769 seconds .

AssetImportWorkerClient::OnTransportError - code=2 error=End of file
