Using pre-set license
Built from '2020.3/staging' branch; Version is '2020.3.22f1 (e1a7f79fd887) revision 14788599'; Using compiler version '192528614'; Build Type 'Release'
OS: 'Windows 10 Pro for Workstations; OS build 19042.1466; Version 2009; 64bit' Language: 'en' Physical Memory: 7818 MB
BatchMode: 1, IsHumanControllingUs: 0, StartBugReporterOnCrash: 0, Is64bit: 1, IsPro: 0

COMMAND LINE ARGUMENTS:
H:\Desktop\Randomness\Unity\Unity\2020.3.22f1\Editor\Unity.exe
-adb2
-batchMode
-noUpm
-name
AssetImportWorker2
-projectPath
H:/Desktop/ING3/GameEngines/gameengineproject/TacticalStealthOperation
-logFile
Logs/AssetImportWorker2.log
-srvPort
54110
Successfully changed project path to: H:/Desktop/ING3/GameEngines/gameengineproject/TacticalStealthOperation
H:/Desktop/ING3/GameEngines/gameengineproject/TacticalStealthOperation
Using Asset Import Pipeline V2.
Refreshing native plugins compatible for Editor in 34.85 ms, found 2 plugins.
Preloading 0 native plugins for Editor in 0.00 ms.
Initialize engine version: 2020.3.22f1 (e1a7f79fd887)
[Subsystems] Discovering subsystems at path H:/Desktop/Randomness/Unity/Unity/2020.3.22f1/Editor/Data/Resources/UnitySubsystems
[Subsystems] Discovering subsystems at path H:/Desktop/ING3/GameEngines/gameengineproject/TacticalStealthOperation/Assets
GfxDevice: creating device client; threaded=0
Direct3D:
    Version:  Direct3D 11.0 [level 11.1]
    Renderer: Intel(R) UHD Graphics 620 (ID=0x5917)
    Vendor:   
    VRAM:     3909 MB
    Driver:   27.20.100.8681
Initialize mono
Mono path[0] = 'H:/Desktop/Randomness/Unity/Unity/2020.3.22f1/Editor/Data/Managed'
Mono path[1] = 'H:/Desktop/Randomness/Unity/Unity/2020.3.22f1/Editor/Data/MonoBleedingEdge/lib/mono/unityjit'
Mono config path = 'H:/Desktop/Randomness/Unity/Unity/2020.3.22f1/Editor/Data/MonoBleedingEdge/etc'
Using monoOptions --debugger-agent=transport=dt_socket,embedding=1,server=y,suspend=n,address=127.0.0.1:56972
Begin MonoManager ReloadAssembly
Registering precompiled unity dll's ...
Register platform support module: H:/Desktop/Randomness/Unity/Unity/2020.3.22f1/Editor/Data/PlaybackEngines/WebGLSupport/UnityEditor.WebGL.Extensions.dll
Register platform support module: H:/Desktop/Randomness/Unity/Unity/2020.3.22f1/Editor/Data/PlaybackEngines/WindowsStandaloneSupport/UnityEditor.WindowsStandalone.Extensions.dll
Registered in 0.001349 seconds.
Native extension for WindowsStandalone target not found
Native extension for WebGL target not found
Refreshing native plugins compatible for Editor in 32.94 ms, found 2 plugins.
Preloading 0 native plugins for Editor in 0.00 ms.
Mono: successfully reloaded assembly
- Completed reload, in  1.761 seconds
Domain Reload Profiling:
	ReloadAssembly (1761ms)
		BeginReloadAssembly (62ms)
			ExecutionOrderSort (0ms)
			DisableScriptedObjects (0ms)
			BackupInstance (0ms)
			ReleaseScriptingObjects (0ms)
			CreateAndSetChildDomain (1ms)
		EndReloadAssembly (473ms)
			LoadAssemblies (61ms)
			RebuildTransferFunctionScriptingTraits (0ms)
			SetupTypeCache (164ms)
			ReleaseScriptCaches (0ms)
			RebuildScriptCaches (34ms)
			SetupLoadedEditorAssemblies (169ms)
				LogAssemblyErrors (0ms)
				InitializePlatformSupportModulesInManaged (5ms)
				SetLoadedEditorAssemblies (1ms)
				RefreshPlugins (33ms)
				BeforeProcessingInitializeOnLoad (14ms)
				ProcessInitializeOnLoadAttributes (87ms)
				ProcessInitializeOnLoadMethodAttributes (30ms)
				AfterProcessingInitializeOnLoad (0ms)
				EditorAssembliesLoaded (0ms)
			ExecutionOrderSort2 (0ms)
			AwakeInstancesAfterBackupRestoration (0ms)
Platform modules already initialized, skipping
Registering precompiled user dll's ...
Registered in 0.003377 seconds.
Begin MonoManager ReloadAssembly
Native extension for WindowsStandalone target not found
Native extension for WebGL target not found
Refreshing native plugins compatible for Editor in 0.36 ms, found 2 plugins.
Preloading 0 native plugins for Editor in 0.00 ms.
Mono: successfully reloaded assembly
- Completed reload, in  1.321 seconds
Domain Reload Profiling:
	ReloadAssembly (1321ms)
		BeginReloadAssembly (219ms)
			ExecutionOrderSort (0ms)
			DisableScriptedObjects (5ms)
			BackupInstance (0ms)
			ReleaseScriptingObjects (0ms)
			CreateAndSetChildDomain (45ms)
		EndReloadAssembly (1042ms)
			LoadAssemblies (131ms)
			RebuildTransferFunctionScriptingTraits (0ms)
			SetupTypeCache (380ms)
			ReleaseScriptCaches (0ms)
			RebuildScriptCaches (45ms)
			SetupLoadedEditorAssemblies (426ms)
				LogAssemblyErrors (0ms)
				InitializePlatformSupportModulesInManaged (6ms)
				SetLoadedEditorAssemblies (0ms)
				RefreshPlugins (0ms)
				BeforeProcessingInitializeOnLoad (119ms)
				ProcessInitializeOnLoadAttributes (287ms)
				ProcessInitializeOnLoadMethodAttributes (10ms)
				AfterProcessingInitializeOnLoad (3ms)
				EditorAssembliesLoaded (0ms)
			ExecutionOrderSort2 (0ms)
			AwakeInstancesAfterBackupRestoration (7ms)
Platform modules already initialized, skipping
========================================================================
Worker process is ready to serve import requests
Launched and connected shader compiler UnityShaderCompiler.exe after 0.35 seconds
Refreshing native plugins compatible for Editor in 0.36 ms, found 2 plugins.
Preloading 0 native plugins for Editor in 0.00 ms.
Unloading 1500 Unused Serialized files (Serialized files now loaded: 0)
System memory in use before: 69.1 MB.
System memory in use after: 69.1 MB.

Unloading 19 unused Assets to reduce memory usage. Loaded Objects now: 1933.
Total: 3.688200 ms (FindLiveObjects: 0.170800 ms CreateObjectMapping: 0.055900 ms MarkObjects: 3.380600 ms  DeleteObjects: 0.079600 ms)

AssetImportParameters requested are different than current active one (requested -> active):
  custom:framework-win-MediaFoundation: 216162199b28c13a410421893ffa2e32 -> 
  custom:video-decoder-ogg-theora: a1e56fd34408186e4bbccfd4996cb3dc -> 
  custom:container-muxer-webm: aa71ff27fc2769a1b78a27578f13a17b -> 
  custom:container-demuxer-webm: 4f35f7cbe854078d1ac9338744f61a02 -> 
  custom:container-demuxer-ogg: 62fdf1f143b41e24485cea50d1cbac27 -> 
  custom:video-encoder-webm-vp8: eb34c28f22e8b96e1ab97ce403110664 -> 
  custom:video-decoder-webm-vp8: 9c59270c3fd7afecdb556c50c9e8de78 -> 
  custom:audio-decoder-ogg-vorbis: bf7c407c2cedff20999df2af8eb42d56 -> 
  custom:audio-encoder-webm-vorbis: bf7c407c2cedff20999df2af8eb42d56 -> 
========================================================================
Received Import Request.
  path: Assets/Prefabs/FAL.prefab
  artifactKey: Guid(adc0a94d9d2969b48a2873eaaa293744) Importer(815301076,1909f56bfc062723c751e8b465ee728b)
Start importing Assets/Prefabs/FAL.prefab using Guid(adc0a94d9d2969b48a2873eaaa293744) Importer(815301076,1909f56bfc062723c751e8b465ee728b)  -> (artifact id: '3c0ea952cc99eac0050e365b00a613c7') in 1.218660 seconds 
  Import took 1.267149 seconds .

========================================================================
Received Import Request.
  Time since last request: 0.000356 seconds.
  path: Assets/Prefabs/Enemy.prefab
  artifactKey: Guid(b929732ee733acd42842b30fa334d2a0) Importer(815301076,1909f56bfc062723c751e8b465ee728b)
Start importing Assets/Prefabs/Enemy.prefab using Guid(b929732ee733acd42842b30fa334d2a0) Importer(815301076,1909f56bfc062723c751e8b465ee728b)  -> (artifact id: '3485845bec04db0e033d14a008719d53') in 0.954775 seconds 
  Import took 0.982494 seconds .

========================================================================
Received Import Request.
  Time since last request: 0.000322 seconds.
  path: Assets/Prefabs/M1911.prefab
  artifactKey: Guid(3604b82db85495142ac08d4b82833b21) Importer(815301076,1909f56bfc062723c751e8b465ee728b)
Start importing Assets/Prefabs/M1911.prefab using Guid(3604b82db85495142ac08d4b82833b21) Importer(815301076,1909f56bfc062723c751e8b465ee728b)  -> (artifact id: '45da7ea7f725ea0779026c69b3066fd5') in 0.241202 seconds 
  Import took 0.270729 seconds .

========================================================================
Received Import Request.
  Time since last request: 309.930953 seconds.
  path: Assets/Prefabs/45ACP_Bullet Variant.prefab
  artifactKey: Guid(14b917608d0ca6f4d87a5d83936749df) Importer(815301076,1909f56bfc062723c751e8b465ee728b)
Start importing Assets/Prefabs/45ACP_Bullet Variant.prefab using Guid(14b917608d0ca6f4d87a5d83936749df) Importer(815301076,1909f56bfc062723c751e8b465ee728b)  -> (artifact id: '67ad687db47873d9454921ad0bd66a37') in 0.112633 seconds 
  Import took 0.140092 seconds .

========================================================================
Received Import Request.
  Time since last request: 65.580626 seconds.
  path: Assets/Prefabs/45ACP_Bullet Variant.prefab
  artifactKey: Guid(14b917608d0ca6f4d87a5d83936749df) Importer(815301076,1909f56bfc062723c751e8b465ee728b)
Start importing Assets/Prefabs/45ACP_Bullet Variant.prefab using Guid(14b917608d0ca6f4d87a5d83936749df) Importer(815301076,1909f56bfc062723c751e8b465ee728b)  -> (artifact id: '1b106350fd28476b144965f9d242737a') in 0.058242 seconds 
  Import took 0.076779 seconds .

========================================================================
Received Import Request.
  Time since last request: 5.752766 seconds.
  path: Assets/Prefabs/45ACP_Bullet Variant.prefab
  artifactKey: Guid(14b917608d0ca6f4d87a5d83936749df) Importer(815301076,1909f56bfc062723c751e8b465ee728b)
Start importing Assets/Prefabs/45ACP_Bullet Variant.prefab using Guid(14b917608d0ca6f4d87a5d83936749df) Importer(815301076,1909f56bfc062723c751e8b465ee728b)  -> (artifact id: 'b9e64dfb931aaedcd60ec0e4ce40c49a') in 0.036478 seconds 
  Import took 0.095797 seconds .

========================================================================
Received Import Request.
  Time since last request: 9.540337 seconds.
  path: Assets/Prefabs/45ACP_Bullet Variant.prefab
  artifactKey: Guid(14b917608d0ca6f4d87a5d83936749df) Importer(815301076,1909f56bfc062723c751e8b465ee728b)
Start importing Assets/Prefabs/45ACP_Bullet Variant.prefab using Guid(14b917608d0ca6f4d87a5d83936749df) Importer(815301076,1909f56bfc062723c751e8b465ee728b)  -> (artifact id: 'b5930c3f9126d0d0c9947ddba85d36ef') in 0.065225 seconds 
  Import took 0.089798 seconds .

========================================================================
Received Import Request.
  Time since last request: 7.350416 seconds.
  path: Assets/Prefabs/45ACP_Bullet Variant.prefab
  artifactKey: Guid(14b917608d0ca6f4d87a5d83936749df) Importer(815301076,1909f56bfc062723c751e8b465ee728b)
Start importing Assets/Prefabs/45ACP_Bullet Variant.prefab using Guid(14b917608d0ca6f4d87a5d83936749df) Importer(815301076,1909f56bfc062723c751e8b465ee728b)  -> (artifact id: '34ab6591e70e911ba6cacfa99484eb4d') in 0.057476 seconds 
  Import took 0.066427 seconds .

========================================================================
Received Import Request.
  Time since last request: 32.844529 seconds.
  path: Assets/Prefabs/45ACP_Bullet Variant.prefab
  artifactKey: Guid(14b917608d0ca6f4d87a5d83936749df) Importer(815301076,1909f56bfc062723c751e8b465ee728b)
Start importing Assets/Prefabs/45ACP_Bullet Variant.prefab using Guid(14b917608d0ca6f4d87a5d83936749df) Importer(815301076,1909f56bfc062723c751e8b465ee728b)  -> (artifact id: 'bc56315388846f72ef81a67f9c275de1') in 0.075500 seconds 
  Import took 0.081218 seconds .

========================================================================
Received Import Request.
  Time since last request: 9.203755 seconds.
  path: Assets/Prefabs/45ACP_Bullet Variant.prefab
  artifactKey: Guid(14b917608d0ca6f4d87a5d83936749df) Importer(815301076,1909f56bfc062723c751e8b465ee728b)
Start importing Assets/Prefabs/45ACP_Bullet Variant.prefab using Guid(14b917608d0ca6f4d87a5d83936749df) Importer(815301076,1909f56bfc062723c751e8b465ee728b)  -> (artifact id: '8e8f7c1cd4e2c6830dbef5fa75aabe92') in 0.050078 seconds 
  Import took 0.057143 seconds .

========================================================================
Received Import Request.
  Time since last request: 9.670151 seconds.
  path: Assets/Prefabs/45ACP_Bullet Variant.prefab
  artifactKey: Guid(14b917608d0ca6f4d87a5d83936749df) Importer(815301076,1909f56bfc062723c751e8b465ee728b)
Start importing Assets/Prefabs/45ACP_Bullet Variant.prefab using Guid(14b917608d0ca6f4d87a5d83936749df) Importer(815301076,1909f56bfc062723c751e8b465ee728b)  -> (artifact id: '9860fbd86726d01113dd11a1a44e1299') in 0.074696 seconds 
  Import took 0.086587 seconds .

========================================================================
Received Import Request.
  Time since last request: 130.396383 seconds.
  path: Assets/Prefabs/45ACP_Bullet Variant.prefab
  artifactKey: Guid(14b917608d0ca6f4d87a5d83936749df) Importer(815301076,1909f56bfc062723c751e8b465ee728b)
Start importing Assets/Prefabs/45ACP_Bullet Variant.prefab using Guid(14b917608d0ca6f4d87a5d83936749df) Importer(815301076,1909f56bfc062723c751e8b465ee728b)  -> (artifact id: '0ef5167c6d0cffcd1e0c30323258f343') in 0.101149 seconds 
  Import took 0.126884 seconds .

========================================================================
Received Import Request.
  Time since last request: 3.607422 seconds.
  path: Assets/Prefabs/45ACP_Bullet Variant.prefab
  artifactKey: Guid(14b917608d0ca6f4d87a5d83936749df) Importer(815301076,1909f56bfc062723c751e8b465ee728b)
Start importing Assets/Prefabs/45ACP_Bullet Variant.prefab using Guid(14b917608d0ca6f4d87a5d83936749df) Importer(815301076,1909f56bfc062723c751e8b465ee728b)  -> (artifact id: 'e37e57eb90ba3eeef6d7b78414e96c2e') in 0.069868 seconds 
  Import took 0.086556 seconds .

========================================================================
Received Import Request.
  Time since last request: 11.601580 seconds.
  path: Assets/Prefabs/45ACP_Bullet Variant.prefab
  artifactKey: Guid(14b917608d0ca6f4d87a5d83936749df) Importer(815301076,1909f56bfc062723c751e8b465ee728b)
Start importing Assets/Prefabs/45ACP_Bullet Variant.prefab using Guid(14b917608d0ca6f4d87a5d83936749df) Importer(815301076,1909f56bfc062723c751e8b465ee728b)  -> (artifact id: 'd0a4ba4ef8ff9f9fb8026e71aca99af9') in 0.035298 seconds 
  Import took 0.074388 seconds .

========================================================================
Received Import Request.
  Time since last request: 6.515955 seconds.
  path: Assets/Prefabs/45ACP_Bullet Variant.prefab
  artifactKey: Guid(14b917608d0ca6f4d87a5d83936749df) Importer(815301076,1909f56bfc062723c751e8b465ee728b)
Start importing Assets/Prefabs/45ACP_Bullet Variant.prefab using Guid(14b917608d0ca6f4d87a5d83936749df) Importer(815301076,1909f56bfc062723c751e8b465ee728b)  -> (artifact id: '38fb6d8cccfb5db8899b40fc4a3c7e36') in 0.032848 seconds 
  Import took 0.045151 seconds .

========================================================================
Received Import Request.
  Time since last request: 14.679937 seconds.
  path: Assets/Prefabs/45ACP_Bullet Variant.prefab
  artifactKey: Guid(14b917608d0ca6f4d87a5d83936749df) Importer(815301076,1909f56bfc062723c751e8b465ee728b)
Start importing Assets/Prefabs/45ACP_Bullet Variant.prefab using Guid(14b917608d0ca6f4d87a5d83936749df) Importer(815301076,1909f56bfc062723c751e8b465ee728b)  -> (artifact id: '1eaecce3df40da612745dba1d7f99232') in 0.076913 seconds 
  Import took 0.081514 seconds .

========================================================================
Received Import Request.
  Time since last request: 9.750855 seconds.
  path: Assets/Prefabs/45ACP_Bullet Variant.prefab
  artifactKey: Guid(14b917608d0ca6f4d87a5d83936749df) Importer(815301076,1909f56bfc062723c751e8b465ee728b)
Start importing Assets/Prefabs/45ACP_Bullet Variant.prefab using Guid(14b917608d0ca6f4d87a5d83936749df) Importer(815301076,1909f56bfc062723c751e8b465ee728b)  -> (artifact id: 'c6a3ec81065475f8b6718f91067b32c7') in 0.031361 seconds 
  Import took 0.052863 seconds .

========================================================================
Received Import Request.
  Time since last request: 8.126104 seconds.
  path: Assets/Prefabs/45ACP_Bullet Variant.prefab
  artifactKey: Guid(14b917608d0ca6f4d87a5d83936749df) Importer(815301076,1909f56bfc062723c751e8b465ee728b)
Start importing Assets/Prefabs/45ACP_Bullet Variant.prefab using Guid(14b917608d0ca6f4d87a5d83936749df) Importer(815301076,1909f56bfc062723c751e8b465ee728b)  -> (artifact id: '73f9271c8dfc9ce289a2d0d0294ec567') in 0.048625 seconds 
  Import took 0.056369 seconds .

========================================================================
Received Import Request.
  Time since last request: 5.441825 seconds.
  path: Assets/Prefabs/45ACP_Bullet Variant.prefab
  artifactKey: Guid(14b917608d0ca6f4d87a5d83936749df) Importer(815301076,1909f56bfc062723c751e8b465ee728b)
Start importing Assets/Prefabs/45ACP_Bullet Variant.prefab using Guid(14b917608d0ca6f4d87a5d83936749df) Importer(815301076,1909f56bfc062723c751e8b465ee728b)  -> (artifact id: 'f15714c18775fd5d7fb583c20c904539') in 0.032930 seconds 
  Import took 0.037466 seconds .

========================================================================
Received Import Request.
  Time since last request: 8.500992 seconds.
  path: Assets/Prefabs/7.62x51NATO_Bullet Variant.prefab
  artifactKey: Guid(d0dd79b88e2247c4cb906753e319396a) Importer(815301076,1909f56bfc062723c751e8b465ee728b)
Start importing Assets/Prefabs/7.62x51NATO_Bullet Variant.prefab using Guid(d0dd79b88e2247c4cb906753e319396a) Importer(815301076,1909f56bfc062723c751e8b465ee728b)  -> (artifact id: '48843be0c8b7ce194df41dc155c8c519') in 0.061109 seconds 
  Import took 0.079323 seconds .

========================================================================
Received Import Request.
  Time since last request: 216.295140 seconds.
  path: Assets/Prefabs/45ACP_Bullet Variant.prefab
  artifactKey: Guid(14b917608d0ca6f4d87a5d83936749df) Importer(815301076,1909f56bfc062723c751e8b465ee728b)
Start importing Assets/Prefabs/45ACP_Bullet Variant.prefab using Guid(14b917608d0ca6f4d87a5d83936749df) Importer(815301076,1909f56bfc062723c751e8b465ee728b)  -> (artifact id: '1c7d2ba439db7770d0853f0716c34cbb') in 0.055446 seconds 
  Import took 0.072151 seconds .

========================================================================
Received Import Request.
  Time since last request: 10.719933 seconds.
  path: Assets/Prefabs/45ACP_Bullet Variant.prefab
  artifactKey: Guid(14b917608d0ca6f4d87a5d83936749df) Importer(815301076,1909f56bfc062723c751e8b465ee728b)
Start importing Assets/Prefabs/45ACP_Bullet Variant.prefab using Guid(14b917608d0ca6f4d87a5d83936749df) Importer(815301076,1909f56bfc062723c751e8b465ee728b)  -> (artifact id: '6ba7444b422662cfd3e8b05618f1ef50') in 0.061590 seconds 
  Import took 0.066372 seconds .

========================================================================
Received Import Request.
  Time since last request: 2.075363 seconds.
  path: Assets/Prefabs/45ACP_Bullet Variant.prefab
  artifactKey: Guid(14b917608d0ca6f4d87a5d83936749df) Importer(815301076,1909f56bfc062723c751e8b465ee728b)
Start importing Assets/Prefabs/45ACP_Bullet Variant.prefab using Guid(14b917608d0ca6f4d87a5d83936749df) Importer(815301076,1909f56bfc062723c751e8b465ee728b)  -> (artifact id: '5e0014451e9ab5c91f8c37529420b918') in 0.067634 seconds 
  Import took 0.097731 seconds .

========================================================================
Received Import Request.
  Time since last request: 5.326813 seconds.
  path: Assets/Prefabs/45ACP_Bullet Variant.prefab
  artifactKey: Guid(14b917608d0ca6f4d87a5d83936749df) Importer(815301076,1909f56bfc062723c751e8b465ee728b)
Start importing Assets/Prefabs/45ACP_Bullet Variant.prefab using Guid(14b917608d0ca6f4d87a5d83936749df) Importer(815301076,1909f56bfc062723c751e8b465ee728b)  -> (artifact id: '596183bcd81888a3b02c5f698f9407fd') in 0.044865 seconds 
  Import took 0.073029 seconds .

========================================================================
Received Import Request.
  Time since last request: 15.029127 seconds.
  path: Assets/Prefabs/45ACP_Bullet Variant.prefab
  artifactKey: Guid(14b917608d0ca6f4d87a5d83936749df) Importer(815301076,1909f56bfc062723c751e8b465ee728b)
Start importing Assets/Prefabs/45ACP_Bullet Variant.prefab using Guid(14b917608d0ca6f4d87a5d83936749df) Importer(815301076,1909f56bfc062723c751e8b465ee728b)  -> (artifact id: 'f3cfbd17cb642f7ce7087a9df665158e') in 0.035050 seconds 
  Import took 0.062650 seconds .

========================================================================
Received Prepare
Registering precompiled user dll's ...
Registered in 0.154901 seconds.
Begin MonoManager ReloadAssembly
Native extension for WindowsStandalone target not found
Native extension for WebGL target not found
Refreshing native plugins compatible for Editor in 0.57 ms, found 2 plugins.
Preloading 0 native plugins for Editor in 0.00 ms.
Mono: successfully reloaded assembly
- Completed reload, in  4.256 seconds
Domain Reload Profiling:
	ReloadAssembly (4260ms)
		BeginReloadAssembly (819ms)
			ExecutionOrderSort (8ms)
			DisableScriptedObjects (23ms)
			BackupInstance (0ms)
			ReleaseScriptingObjects (2ms)
			CreateAndSetChildDomain (414ms)
		EndReloadAssembly (3371ms)
			LoadAssemblies (235ms)
			RebuildTransferFunctionScriptingTraits (0ms)
			SetupTypeCache (2099ms)
			ReleaseScriptCaches (1ms)
			RebuildScriptCaches (44ms)
			SetupLoadedEditorAssemblies (853ms)
				LogAssemblyErrors (0ms)
				InitializePlatformSupportModulesInManaged (15ms)
				SetLoadedEditorAssemblies (1ms)
				RefreshPlugins (1ms)
				BeforeProcessingInitializeOnLoad (131ms)
				ProcessInitializeOnLoadAttributes (684ms)
				ProcessInitializeOnLoadMethodAttributes (18ms)
				AfterProcessingInitializeOnLoad (3ms)
				EditorAssembliesLoaded (1ms)
			ExecutionOrderSort2 (0ms)
			AwakeInstancesAfterBackupRestoration (16ms)
Platform modules already initialized, skipping
Refreshing native plugins compatible for Editor in 0.38 ms, found 2 plugins.
Preloading 0 native plugins for Editor in 0.00 ms.
Unloading 1494 Unused Serialized files (Serialized files now loaded: 0)
System memory in use before: 85.7 MB.
System memory in use after: 85.8 MB.

Unloading 14 unused Assets to reduce memory usage. Loaded Objects now: 1943.
Total: 4.355000 ms (FindLiveObjects: 0.225100 ms CreateObjectMapping: 0.052800 ms MarkObjects: 4.017300 ms  DeleteObjects: 0.058200 ms)

AssetImportParameters requested are different than current active one (requested -> active):
  custom:framework-win-MediaFoundation: 216162199b28c13a410421893ffa2e32 -> 
  custom:video-decoder-ogg-theora: a1e56fd34408186e4bbccfd4996cb3dc -> 
  custom:container-muxer-webm: aa71ff27fc2769a1b78a27578f13a17b -> 
  custom:container-demuxer-webm: 4f35f7cbe854078d1ac9338744f61a02 -> 
  custom:container-demuxer-ogg: 62fdf1f143b41e24485cea50d1cbac27 -> 
  custom:video-encoder-webm-vp8: eb34c28f22e8b96e1ab97ce403110664 -> 
  custom:video-decoder-webm-vp8: 9c59270c3fd7afecdb556c50c9e8de78 -> 
  custom:audio-decoder-ogg-vorbis: bf7c407c2cedff20999df2af8eb42d56 -> 
  custom:audio-encoder-webm-vorbis: bf7c407c2cedff20999df2af8eb42d56 -> 
========================================================================
Received Prepare
Registering precompiled user dll's ...
Registered in 0.003479 seconds.
Begin MonoManager ReloadAssembly
Native extension for WindowsStandalone target not found
Native extension for WebGL target not found
Refreshing native plugins compatible for Editor in 0.37 ms, found 2 plugins.
Preloading 0 native plugins for Editor in 0.00 ms.
Mono: successfully reloaded assembly
- Completed reload, in  1.286 seconds
Domain Reload Profiling:
	ReloadAssembly (1286ms)
		BeginReloadAssembly (143ms)
			ExecutionOrderSort (0ms)
			DisableScriptedObjects (5ms)
			BackupInstance (0ms)
			ReleaseScriptingObjects (0ms)
			CreateAndSetChildDomain (55ms)
		EndReloadAssembly (1074ms)
			LoadAssemblies (118ms)
			RebuildTransferFunctionScriptingTraits (0ms)
			SetupTypeCache (415ms)
			ReleaseScriptCaches (1ms)
			RebuildScriptCaches (63ms)
			SetupLoadedEditorAssemblies (352ms)
				LogAssemblyErrors (0ms)
				InitializePlatformSupportModulesInManaged (6ms)
				SetLoadedEditorAssemblies (0ms)
				RefreshPlugins (0ms)
				BeforeProcessingInitializeOnLoad (88ms)
				ProcessInitializeOnLoadAttributes (244ms)
				ProcessInitializeOnLoadMethodAttributes (9ms)
				AfterProcessingInitializeOnLoad (4ms)
				EditorAssembliesLoaded (0ms)
			ExecutionOrderSort2 (0ms)
			AwakeInstancesAfterBackupRestoration (7ms)
Platform modules already initialized, skipping
Refreshing native plugins compatible for Editor in 0.37 ms, found 2 plugins.
Preloading 0 native plugins for Editor in 0.00 ms.
Unloading 1494 Unused Serialized files (Serialized files now loaded: 0)
System memory in use before: 85.7 MB.
System memory in use after: 85.8 MB.

Unloading 14 unused Assets to reduce memory usage. Loaded Objects now: 1945.
Total: 3.402200 ms (FindLiveObjects: 0.175000 ms CreateObjectMapping: 0.044800 ms MarkObjects: 3.153400 ms  DeleteObjects: 0.028100 ms)

AssetImportParameters requested are different than current active one (requested -> active):
  custom:framework-win-MediaFoundation: 216162199b28c13a410421893ffa2e32 -> 
  custom:video-decoder-ogg-theora: a1e56fd34408186e4bbccfd4996cb3dc -> 
  custom:container-muxer-webm: aa71ff27fc2769a1b78a27578f13a17b -> 
  custom:container-demuxer-webm: 4f35f7cbe854078d1ac9338744f61a02 -> 
  custom:container-demuxer-ogg: 62fdf1f143b41e24485cea50d1cbac27 -> 
  custom:video-encoder-webm-vp8: eb34c28f22e8b96e1ab97ce403110664 -> 
  custom:video-decoder-webm-vp8: 9c59270c3fd7afecdb556c50c9e8de78 -> 
  custom:audio-decoder-ogg-vorbis: bf7c407c2cedff20999df2af8eb42d56 -> 
  custom:audio-encoder-webm-vorbis: bf7c407c2cedff20999df2af8eb42d56 -> 
========================================================================
Received Prepare
Registering precompiled user dll's ...
Registered in 0.123160 seconds.
Begin MonoManager ReloadAssembly
Native extension for WindowsStandalone target not found
Native extension for WebGL target not found
Refreshing native plugins compatible for Editor in 0.83 ms, found 2 plugins.
Preloading 0 native plugins for Editor in 0.00 ms.
Mono: successfully reloaded assembly
- Completed reload, in  1.810 seconds
Domain Reload Profiling:
	ReloadAssembly (1815ms)
		BeginReloadAssembly (590ms)
			ExecutionOrderSort (0ms)
			DisableScriptedObjects (16ms)
			BackupInstance (0ms)
			ReleaseScriptingObjects (0ms)
			CreateAndSetChildDomain (132ms)
		EndReloadAssembly (1156ms)
			LoadAssemblies (491ms)
			RebuildTransferFunctionScriptingTraits (0ms)
			SetupTypeCache (393ms)
			ReleaseScriptCaches (1ms)
			RebuildScriptCaches (50ms)
			SetupLoadedEditorAssemblies (446ms)
				LogAssemblyErrors (0ms)
				InitializePlatformSupportModulesInManaged (6ms)
				SetLoadedEditorAssemblies (1ms)
				RefreshPlugins (1ms)
				BeforeProcessingInitializeOnLoad (96ms)
				ProcessInitializeOnLoadAttributes (330ms)
				ProcessInitializeOnLoadMethodAttributes (9ms)
				AfterProcessingInitializeOnLoad (3ms)
				EditorAssembliesLoaded (0ms)
			ExecutionOrderSort2 (0ms)
			AwakeInstancesAfterBackupRestoration (8ms)
Platform modules already initialized, skipping
Refreshing native plugins compatible for Editor in 0.41 ms, found 2 plugins.
Preloading 0 native plugins for Editor in 0.00 ms.
Unloading 1494 Unused Serialized files (Serialized files now loaded: 0)
System memory in use before: 85.7 MB.
System memory in use after: 85.9 MB.

Unloading 14 unused Assets to reduce memory usage. Loaded Objects now: 1947.
Total: 3.552000 ms (FindLiveObjects: 0.234800 ms CreateObjectMapping: 0.084000 ms MarkObjects: 3.196500 ms  DeleteObjects: 0.035500 ms)

AssetImportParameters requested are different than current active one (requested -> active):
  custom:framework-win-MediaFoundation: 216162199b28c13a410421893ffa2e32 -> 
  custom:video-decoder-ogg-theora: a1e56fd34408186e4bbccfd4996cb3dc -> 
  custom:container-muxer-webm: aa71ff27fc2769a1b78a27578f13a17b -> 
  custom:container-demuxer-webm: 4f35f7cbe854078d1ac9338744f61a02 -> 
  custom:container-demuxer-ogg: 62fdf1f143b41e24485cea50d1cbac27 -> 
  custom:video-encoder-webm-vp8: eb34c28f22e8b96e1ab97ce403110664 -> 
  custom:video-decoder-webm-vp8: 9c59270c3fd7afecdb556c50c9e8de78 -> 
  custom:audio-decoder-ogg-vorbis: bf7c407c2cedff20999df2af8eb42d56 -> 
  custom:audio-encoder-webm-vorbis: bf7c407c2cedff20999df2af8eb42d56 -> 
AssetImportWorkerClient::OnTransportError - code=2 error=End of file
